0 info it worked if it ends with ok
1 verbose cli [ '/Users/zhaochenxue/.nvm/versions/node/v6.9.1/bin/node',
1 verbose cli   '/Users/zhaochenxue/.nvm/versions/node/v6.9.1/bin/npm',
1 verbose cli   '--registry=http://registry.fe.yeshj.com',
1 verbose cli   '--cache=/Users/zhaochenxue/.npm/.cache/hnpm',
1 verbose cli   '--userconfig=/Users/zhaochenxue/.hnpmrc',
1 verbose cli   'run',
1 verbose cli   'dev' ]
2 info using npm@3.10.8
3 info using node@v6.9.1
4 verbose run-script [ 'predev', 'dev', 'postdev' ]
5 info lifecycle vue_todos@1.0.0~predev: vue_todos@1.0.0
6 silly lifecycle vue_todos@1.0.0~predev: no script for predev, continuing
7 info lifecycle vue_todos@1.0.0~dev: vue_todos@1.0.0
8 verbose lifecycle vue_todos@1.0.0~dev: unsafe-perm in lifecycle true
9 verbose lifecycle vue_todos@1.0.0~dev: PATH: /Users/zhaochenxue/.nvm/versions/node/v6.9.1/lib/node_modules/npm/bin/node-gyp-bin:/Users/zhaochenxue/vue_todos/node_modules/.bin:/Users/zhaochenxue/.nvm/versions/node/v6.9.1/bin:/usr/local/bin:/usr/bin:/bin:/usr/sbin:/sbin
10 verbose lifecycle vue_todos@1.0.0~dev: CWD: /Users/zhaochenxue/vue_todos
11 silly lifecycle vue_todos@1.0.0~dev: Args: [ '-c',
11 silly lifecycle   'webpack-dev-server --devtool eval --progress --colors --hot --inline --content-base ./src' ]
12 silly lifecycle vue_todos@1.0.0~dev: Returned: code: 1  signal: null
13 info lifecycle vue_todos@1.0.0~dev: Failed to exec dev script
14 verbose stack Error: vue_todos@1.0.0 dev: `webpack-dev-server --devtool eval --progress --colors --hot --inline --content-base ./src`
14 verbose stack Exit status 1
14 verbose stack     at EventEmitter.<anonymous> (/Users/zhaochenxue/.nvm/versions/node/v6.9.1/lib/node_modules/npm/lib/utils/lifecycle.js:255:16)
14 verbose stack     at emitTwo (events.js:106:13)
14 verbose stack     at EventEmitter.emit (events.js:191:7)
14 verbose stack     at ChildProcess.<anonymous> (/Users/zhaochenxue/.nvm/versions/node/v6.9.1/lib/node_modules/npm/lib/utils/spawn.js:40:14)
14 verbose stack     at emitTwo (events.js:106:13)
14 verbose stack     at ChildProcess.emit (events.js:191:7)
14 verbose stack     at maybeClose (internal/child_process.js:877:16)
14 verbose stack     at Process.ChildProcess._handle.onexit (internal/child_process.js:226:5)
15 verbose pkgid vue_todos@1.0.0
16 verbose cwd /Users/zhaochenxue/vue_todos
17 error Darwin 16.3.0
18 error argv "/Users/zhaochenxue/.nvm/versions/node/v6.9.1/bin/node" "/Users/zhaochenxue/.nvm/versions/node/v6.9.1/bin/npm" "--registry=http://registry.fe.yeshj.com" "--cache=/Users/zhaochenxue/.npm/.cache/hnpm" "--userconfig=/Users/zhaochenxue/.hnpmrc" "run" "dev"
19 error node v6.9.1
20 error npm  v3.10.8
21 error code ELIFECYCLE
22 error vue_todos@1.0.0 dev: `webpack-dev-server --devtool eval --progress --colors --hot --inline --content-base ./src`
22 error Exit status 1
23 error Failed at the vue_todos@1.0.0 dev script 'webpack-dev-server --devtool eval --progress --colors --hot --inline --content-base ./src'.
23 error Make sure you have the latest version of node.js and npm installed.
23 error If you do, this is most likely a problem with the vue_todos package,
23 error not with npm itself.
23 error Tell the author that this fails on your system:
23 error     webpack-dev-server --devtool eval --progress --colors --hot --inline --content-base ./src
23 error You can get information on how to open an issue for this project with:
23 error     npm bugs vue_todos
23 error Or if that isn't available, you can get their info via:
23 error     npm owner ls vue_todos
23 error There is likely additional logging output above.
24 verbose exit [ 1, true ]
